<?xml version="1.0" encoding="UTF-8"?>
<!-- Generated by org.testng.reporters.JUnitXMLReporter -->
<testsuite ignored="0" hostname="Lenovo" failures="1" tests="1" name="Default test" time="120.384" errors="0" timestamp="2023-07-21T14:54:08 IST">
  <testcase classname="handlingInvocation.InvocationFactor" name="CountCricketWord" time="120.109">
    <failure type="org.testng.internal.thread.ThreadTimeoutException" message="Method handlingInvocation.InvocationFactor.CountCricketWord() didn&amp;apos;t finish within the time-out 120000">
      <![CDATA[org.testng.internal.thread.ThreadTimeoutException: Method handlingInvocation.InvocationFactor.CountCricketWord() didn't finish within the time-out 120000
at java.base@15.0.1/sun.nio.ch.Net.poll(Native Method)
at java.base@15.0.1/sun.nio.ch.NioSocketImpl.park(NioSocketImpl.java:181)
at java.base@15.0.1/sun.nio.ch.NioSocketImpl.timedRead(NioSocketImpl.java:285)
at java.base@15.0.1/sun.nio.ch.NioSocketImpl.implRead(NioSocketImpl.java:309)
at java.base@15.0.1/sun.nio.ch.NioSocketImpl.read(NioSocketImpl.java:350)
at java.base@15.0.1/sun.nio.ch.NioSocketImpl$1.read(NioSocketImpl.java:803)
at java.base@15.0.1/java.net.Socket$SocketInputStream.read(Socket.java:981)
at app//okio.Okio$2.read(Okio.java:140)
at app//okio.AsyncTimeout$2.read(AsyncTimeout.java:237)
at app//okio.RealBufferedSource.indexOf(RealBufferedSource.java:355)
at app//okio.RealBufferedSource.readUtf8LineStrict(RealBufferedSource.java:227)
at app//okhttp3.internal.http1.Http1Codec.readHeaderLine(Http1Codec.java:215)
at app//okhttp3.internal.http1.Http1Codec.readResponseHeaders(Http1Codec.java:189)
at app//okhttp3.internal.http.CallServerInterceptor.intercept(CallServerInterceptor.java:88)
at app//okhttp3.internal.http.RealInterceptorChain.proceed(RealInterceptorChain.java:147)
at app//okhttp3.internal.http.RealInterceptorChain.proceed(RealInterceptorChain.java:121)
at app//org.openqa.selenium.remote.internal.OkHttpClient$Factory$1.lambda$createClient$1(OkHttpClient.java:152)
at app//org.openqa.selenium.remote.internal.OkHttpClient$Factory$1$$Lambda$181/0x00000001001d5368.intercept(Unknown Source)
at app//okhttp3.internal.http.RealInterceptorChain.proceed(RealInterceptorChain.java:147)
at app//okhttp3.internal.connection.ConnectInterceptor.intercept(ConnectInterceptor.java:45)
at app//okhttp3.internal.http.RealInterceptorChain.proceed(RealInterceptorChain.java:147)
at app//okhttp3.internal.http.RealInterceptorChain.proceed(RealInterceptorChain.java:121)
at app//okhttp3.internal.cache.CacheInterceptor.intercept(CacheInterceptor.java:93)
at app//okhttp3.internal.http.RealInterceptorChain.proceed(RealInterceptorChain.java:147)
at app//okhttp3.internal.http.RealInterceptorChain.proceed(RealInterceptorChain.java:121)
at app//okhttp3.internal.http.BridgeInterceptor.intercept(BridgeInterceptor.java:93)
at app//okhttp3.internal.http.RealInterceptorChain.proceed(RealInterceptorChain.java:147)
at app//okhttp3.internal.http.RetryAndFollowUpInterceptor.intercept(RetryAndFollowUpInterceptor.java:126)
at app//okhttp3.internal.http.RealInterceptorChain.proceed(RealInterceptorChain.java:147)
at app//okhttp3.internal.http.RealInterceptorChain.proceed(RealInterceptorChain.java:121)
at app//okhttp3.RealCall.getResponseWithInterceptorChain(RealCall.java:200)
at app//okhttp3.RealCall.execute(RealCall.java:77)
at app//org.openqa.selenium.remote.internal.OkHttpClient.execute(OkHttpClient.java:103)
at app//org.openqa.selenium.remote.HttpCommandExecutor.execute(HttpCommandExecutor.java:155)
at app//org.openqa.selenium.remote.service.DriverCommandExecutor.execute(DriverCommandExecutor.java:83)
at app//org.openqa.selenium.remote.RemoteWebDriver.execute(RemoteWebDriver.java:552)
at app//org.openqa.selenium.remote.RemoteWebDriver.get(RemoteWebDriver.java:277)
at app//handlingInvocation.InvocationFactor.CountCricketWord(InvocationFactor.java:29)
at java.base@15.0.1/jdk.internal.reflect.NativeMethodAccessorImpl.invoke0(Native Method)
at java.base@15.0.1/jdk.internal.reflect.NativeMethodAccessorImpl.invoke(NativeMethodAccessorImpl.java:64)
at java.base@15.0.1/jdk.internal.reflect.DelegatingMethodAccessorImpl.invoke(DelegatingMethodAccessorImpl.java:43)
at java.base@15.0.1/java.lang.reflect.Method.invoke(Method.java:564)
at app//org.testng.internal.invokers.MethodInvocationHelper.invokeMethod(MethodInvocationHelper.java:139)
at app//org.testng.internal.invokers.InvokeMethodRunnable.runOne(InvokeMethodRunnable.java:47)
at app//org.testng.internal.invokers.InvokeMethodRunnable.call(InvokeMethodRunnable.java:73)
at app//org.testng.internal.invokers.InvokeMethodRunnable.call(InvokeMethodRunnable.java:11)
at java.base@15.0.1/java.util.concurrent.FutureTask.run(FutureTask.java:264)
at java.base@15.0.1/java.util.concurrent.ThreadPoolExecutor.runWorker(ThreadPoolExecutor.java:1130)
at java.base@15.0.1/java.util.concurrent.ThreadPoolExecutor$Worker.run(ThreadPoolExecutor.java:630)
at java.base@15.0.1/java.lang.Thread.run(Thread.java:832)
]]>
    </failure>
  </testcase> <!-- CountCricketWord -->
</testsuite> <!-- Default test -->
