<?xml version="1.0" encoding="UTF-8"?>
<!-- Generated by org.testng.reporters.JUnitXMLReporter -->
<testsuite ignored="0" hostname="Lenovo" failures="1" tests="1" name="Test" time="119.677" errors="0" timestamp="2023-07-21T14:47:06 IST">
  <testcase classname="handlingInvocation.InvocationFactor" name="CountCricketWord" time="119.174">
    <failure type="org.testng.internal.thread.ThreadTimeoutException" message="Method handlingInvocation.InvocationFactor.CountCricketWord() didn&amp;apos;t finish within the time-out 60000">
      <![CDATA[org.testng.internal.thread.ThreadTimeoutException: Method handlingInvocation.InvocationFactor.CountCricketWord() didn't finish within the time-out 60000
at java.base/java.util.concurrent.ThreadPoolExecutor.runWorker(ThreadPoolExecutor.java:1130)
at java.base/java.util.concurrent.ThreadPoolExecutor$Worker.run(ThreadPoolExecutor.java:630)
at java.base/java.lang.Thread.run(Thread.java:832)
... Removed 9 stack frames]]>
    </failure>
  </testcase> <!-- CountCricketWord -->
</testsuite> <!-- Test -->
